<?xml version="1.0" encoding="UTF-8"?>
<!-- Generated by org.testng.reporters.JUnitReportReporter -->
<testsuite hostname="HOME-PC" failures="0" tests="2" name="Tc_mystore_TestCases.Test_Indexpage" time="59.444" errors="0" timestamp="2021-08-20T13:29:34 IST" skipped="0">
  <testcase classname="Tc_mystore_TestCases.Test_Indexpage" name="verifyTitle" time="17.312"/>
  <system-out/>
  <testcase classname="Tc_mystore_TestCases.Test_Indexpage" name="verifyLogo" time="42.132"/>
  <system-out/>
</testsuite> <!-- Tc_mystore_TestCases.Test_Indexpage -->
