<?xml version="1.0" encoding="UTF-8"?>
<!-- Generated by org.testng.reporters.JUnitReportReporter -->
<testsuite hostname="HOME-PC" failures="0" tests="1" name="Tc_mystore_TestCases.Test_AddToCartPage" time="42.394" errors="0" timestamp="2021-08-20T13:29:34 IST" skipped="0">
  <testcase classname="Tc_mystore_TestCases.Test_AddToCartPage" name="addToCartTest" time="42.394"/>
  <system-out/>
</testsuite> <!-- Tc_mystore_TestCases.Test_AddToCartPage -->
